2025-09-29 15:31:25,032 - __main__ - INFO - Iniciando servidor Flask...
2025-09-29 15:31:25,104 - werkzeug - INFO - [31m[1mWARNING: This is a development server. Do not use it in a production deployment. Use a production WSGI server instead.[0m
 * Running on all addresses (0.0.0.0)
 * Running on http://127.0.0.1:5000
 * Running on http://192.168.4.86:5000
2025-09-29 15:31:25,105 - werkzeug - INFO - [33mPress CTRL+C to quit[0m
2025-09-29 15:31:25,112 - werkzeug - INFO -  * Restarting with stat
2025-09-29 15:31:25,464 - __main__ - INFO - Iniciando servidor Flask...
2025-09-29 15:31:25,479 - werkzeug - WARNING -  * Debugger is active!
2025-09-29 15:31:25,483 - werkzeug - INFO -  * Debugger PIN: 910-150-469
2025-09-29 15:31:33,274 - werkzeug - INFO - 127.0.0.1 - - [29/Sep/2025 15:31:33] "GET / HTTP/1.1" 200 -
2025-09-29 15:39:53,945 - INFO - [31m[1mWARNING: This is a development server. Do not use it in a production deployment. Use a production WSGI server instead.[0m
 * Running on http://127.0.0.1:5000
2025-09-29 15:39:53,945 - INFO - [33mPress CTRL+C to quit[0m
2025-09-29 15:39:53,946 - INFO -  * Restarting with stat
2025-09-29 15:39:54,310 - WARNING -  * Debugger is active!
2025-09-29 15:39:54,313 - INFO -  * Debugger PIN: 910-150-469
2025-09-29 15:40:17,544 - INFO - [31m[1mWARNING: This is a development server. Do not use it in a production deployment. Use a production WSGI server instead.[0m
 * Running on http://127.0.0.1:5000
2025-09-29 15:40:17,544 - INFO - [33mPress CTRL+C to quit[0m
2025-09-29 15:40:17,545 - INFO -  * Restarting with stat
2025-09-29 15:40:17,914 - WARNING -  * Debugger is active!
2025-09-29 15:40:17,917 - INFO -  * Debugger PIN: 910-150-469
2025-09-29 15:41:46,905 - INFO -  * Detected change in 'C:\\Users\\luizk\\Documents\\GitHub\\gerador-sitemap\\app.py', reloading
2025-09-29 15:41:46,953 - INFO -  * Restarting with stat
2025-09-29 15:41:50,434 - INFO - [31m[1mWARNING: This is a development server. Do not use it in a production deployment. Use a production WSGI server instead.[0m
 * Running on http://127.0.0.1:5000
2025-09-29 15:41:50,434 - INFO - [33mPress CTRL+C to quit[0m
2025-09-29 15:45:18,902 - __main__ - INFO - Iniciando servidor Flask...
2025-09-29 15:45:18,930 - werkzeug - INFO - [31m[1mWARNING: This is a development server. Do not use it in a production deployment. Use a production WSGI server instead.[0m
 * Running on all addresses (0.0.0.0)
 * Running on http://127.0.0.1:5000
 * Running on http://192.168.4.86:5000
2025-09-29 15:45:18,930 - werkzeug - INFO - [33mPress CTRL+C to quit[0m
2025-09-29 15:45:18,932 - werkzeug - INFO -  * Restarting with stat
2025-09-29 15:45:19,295 - __main__ - INFO - Iniciando servidor Flask...
2025-09-29 15:45:19,314 - werkzeug - WARNING -  * Debugger is active!
2025-09-29 15:45:19,317 - werkzeug - INFO -  * Debugger PIN: 910-150-469
2025-09-29 15:45:34,442 - werkzeug - INFO - 127.0.0.1 - - [29/Sep/2025 15:45:34] "GET / HTTP/1.1" 200 -
2025-09-29 15:46:04,435 - werkzeug - INFO - 127.0.0.1 - - [29/Sep/2025 15:46:04] "GET / HTTP/1.1" 200 -
2025-09-29 15:46:06,369 - __main__ - INFO - Iniciando geração de sitemap para: https://github.com/lipe404/exp-edu
2025-09-29 15:46:21,516 - utils.github_analyzer - INFO - Análise concluída: 5 URLs encontradas
2025-09-29 15:46:21,517 - utils.sitemap_generator - INFO - Gerando sitemap com 5 URLs
2025-09-29 15:46:21,519 - utils.sitemap_generator - INFO - Sitemap gerado com sucesso
2025-09-29 15:46:21,520 - __main__ - INFO - Sitemap gerado com sucesso para https://github.com/lipe404/exp-edu - 5 URLs encontradas
2025-09-29 15:46:21,536 - werkzeug - INFO - 127.0.0.1 - - [29/Sep/2025 15:46:21] "POST /generate-sitemap HTTP/1.1" 200 -
2025-09-29 15:59:54,600 - werkzeug - INFO -  * Detected change in 'C:\\Users\\luizk\\Documents\\GitHub\\gerador-sitemap\\app.py', reloading
2025-09-29 15:59:54,678 - werkzeug - INFO -  * Restarting with stat
2025-09-29 16:01:19,887 - __main__ - INFO - Iniciando servidor Flask...
2025-09-29 16:01:19,920 - werkzeug - INFO - [31m[1mWARNING: This is a development server. Do not use it in a production deployment. Use a production WSGI server instead.[0m
 * Running on all addresses (0.0.0.0)
 * Running on http://127.0.0.1:5000
 * Running on http://192.168.4.86:5000
2025-09-29 16:01:19,920 - werkzeug - INFO - [33mPress CTRL+C to quit[0m
2025-09-29 16:01:19,923 - werkzeug - INFO -  * Restarting with stat
2025-09-29 16:01:20,500 - __main__ - INFO - Iniciando servidor Flask...
2025-09-29 16:01:20,529 - werkzeug - WARNING -  * Debugger is active!
2025-09-29 16:01:20,534 - werkzeug - INFO -  * Debugger PIN: 910-150-469
2025-09-29 16:01:23,338 - werkzeug - INFO - 127.0.0.1 - - [29/Sep/2025 16:01:23] "GET / HTTP/1.1" 200 -
2025-09-29 16:02:12,233 - werkzeug - INFO - 127.0.0.1 - - [29/Sep/2025 16:02:12] "GET / HTTP/1.1" 200 -
2025-09-29 16:02:15,383 - __main__ - INFO - Iniciando geração de sitemap para: http://sejaeducamais.com.br/
2025-09-29 16:02:15,383 - utils.website_scraper - INFO - Iniciando scraping de http://sejaeducamais.com.br/ com profundidade máxima 3
2025-09-29 16:02:15,383 - utils.website_scraper - INFO - Fazendo scraping de http://sejaeducamais.com.br/ (profundidade: 0)
2025-09-29 16:02:16,529 - utils.website_scraper - INFO - Fazendo scraping de http://sejaeducamais.com.br/quem-somos.html (profundidade: 1)
2025-09-29 16:02:17,180 - utils.website_scraper - INFO - Fazendo scraping de http://sejaeducamais.com.br/politica-de-privacidade.html (profundidade: 1)
2025-09-29 16:02:17,894 - utils.website_scraper - INFO - Fazendo scraping de http://sejaeducamais.com.br/politica-de-cookies.html (profundidade: 2)
2025-09-29 16:02:18,548 - utils.website_scraper - INFO - Fazendo scraping de http://sejaeducamais.com.br/index.html (profundidade: 3)
2025-09-29 16:02:23,795 - utils.website_scraper - INFO - Fazendo scraping de http://sejaeducamais.com.br/assets/logos/Ativo 13.png (profundidade: 3)
2025-09-29 16:02:24,727 - utils.website_scraper - INFO - Fazendo scraping de http://sejaeducamais.com.br/termos-de-uso.html (profundidade: 2)
2025-09-29 16:02:25,416 - utils.website_scraper - INFO - Fazendo scraping de http://sejaeducamais.com.br/assets/educa-mais-logo.webp (profundidade: 2)
2025-09-29 16:02:26,064 - utils.website_scraper - INFO - Fazendo scraping de http://sejaeducamais.com.br/assets/icons/Ativo 24.png (profundidade: 1)
2025-09-29 16:02:26,713 - utils.website_scraper - INFO - Fazendo scraping de http://sejaeducamais.com.br/assets/icons/+.png (profundidade: 1)
2025-09-29 16:02:27,358 - utils.website_scraper - INFO - Fazendo scraping de http://sejaeducamais.com.br/calculadora.html (profundidade: 1)
2025-09-29 16:02:28,021 - utils.website_scraper - INFO - Fazendo scraping de http://sejaeducamais.com.br/assets/logos/Ativo 10.png (profundidade: 2)
2025-09-29 16:02:28,683 - utils.website_scraper - INFO - Fazendo scraping de http://sejaeducamais.com.br/obrigado.html (profundidade: 2)
2025-09-29 16:02:29,345 - utils.website_scraper - INFO - Fazendo scraping de http://sejaeducamais.com.br/docs/Guia_Completo_de_Parceria_Educa_Minas.pdf (profundidade: 3)
2025-09-29 16:02:29,995 - utils.website_scraper - INFO - Fazendo scraping de http://sejaeducamais.com.br/assets/logos/Ativo 14.png (profundidade: 1)
2025-09-29 16:02:31,761 - utils.website_scraper - INFO - Fazendo scraping de http://sejaeducamais.com.br/assets/icons/Ativo 23.png (profundidade: 1)
2025-09-29 16:02:32,411 - utils.website_scraper - INFO - Fazendo scraping de http://sejaeducamais.com.br/assets/icons/Ativo 27.png (profundidade: 1)
2025-09-29 16:02:34,686 - utils.website_scraper - INFO - Scraping concluído: 14 URLs encontradas
2025-09-29 16:02:34,687 - utils.sitemap_generator - INFO - Gerando sitemap com 14 URLs
2025-09-29 16:02:34,687 - utils.sitemap_generator - WARNING - URL inválida ignorada: http://sejaeducamais.com.br/assets/icons/Ativo 23.png
2025-09-29 16:02:34,687 - utils.sitemap_generator - WARNING - URL inválida ignorada: http://sejaeducamais.com.br/assets/icons/Ativo 24.png
2025-09-29 16:02:34,687 - utils.sitemap_generator - WARNING - URL inválida ignorada: http://sejaeducamais.com.br/assets/logos/Ativo 10.png
2025-09-29 16:02:34,688 - utils.sitemap_generator - WARNING - URL inválida ignorada: http://sejaeducamais.com.br/assets/logos/Ativo 14.png
2025-09-29 16:02:34,688 - utils.sitemap_generator - WARNING - URL inválida ignorada: http://sejaeducamais.com.br/assets/icons/Ativo 27.png
2025-09-29 16:02:34,688 - utils.sitemap_generator - WARNING - URL inválida ignorada: http://sejaeducamais.com.br/assets/logos/Ativo 13.png
2025-09-29 16:02:34,689 - utils.sitemap_generator - INFO - Sitemap gerado com sucesso
2025-09-29 16:02:34,689 - __main__ - INFO - Sitemap gerado com sucesso para http://sejaeducamais.com.br/ - 14 URLs encontradas
2025-09-29 16:02:34,690 - werkzeug - INFO - 127.0.0.1 - - [29/Sep/2025 16:02:34] "POST /generate-sitemap HTTP/1.1" 200 -
2025-09-29 16:03:04,925 - __main__ - INFO - Iniciando geração de sitemap para: http://sejaeducamais.com.br/
2025-09-29 16:03:04,926 - utils.website_scraper - INFO - Iniciando scraping de http://sejaeducamais.com.br/ com profundidade máxima 5
2025-09-29 16:03:04,926 - utils.website_scraper - INFO - Fazendo scraping de http://sejaeducamais.com.br/ (profundidade: 0)
2025-09-29 16:03:05,930 - utils.website_scraper - INFO - Fazendo scraping de http://sejaeducamais.com.br/quem-somos.html (profundidade: 1)
2025-09-29 16:03:06,575 - utils.website_scraper - INFO - Fazendo scraping de http://sejaeducamais.com.br/politica-de-privacidade.html (profundidade: 1)
2025-09-29 16:03:07,279 - utils.website_scraper - INFO - Fazendo scraping de http://sejaeducamais.com.br/politica-de-cookies.html (profundidade: 2)
2025-09-29 16:03:07,931 - utils.website_scraper - INFO - Fazendo scraping de http://sejaeducamais.com.br/index.html (profundidade: 3)
2025-09-29 16:03:08,652 - utils.website_scraper - INFO - Fazendo scraping de http://sejaeducamais.com.br/assets/icons/Ativo 24.png (profundidade: 4)
2025-09-29 16:03:09,298 - utils.website_scraper - INFO - Fazendo scraping de http://sejaeducamais.com.br/assets/icons/+.png (profundidade: 4)
2025-09-29 16:03:09,946 - utils.website_scraper - INFO - Fazendo scraping de http://sejaeducamais.com.br/calculadora.html (profundidade: 4)
2025-09-29 16:03:10,617 - utils.website_scraper - INFO - Fazendo scraping de http://sejaeducamais.com.br/termos-de-uso.html (profundidade: 5)
2025-09-29 16:03:11,801 - utils.website_scraper - INFO - Fazendo scraping de http://sejaeducamais.com.br/assets/logos/Ativo 10.png (profundidade: 5)
2025-09-29 16:03:12,465 - utils.website_scraper - INFO - Fazendo scraping de http://sejaeducamais.com.br/obrigado.html (profundidade: 5)
2025-09-29 16:03:14,138 - utils.website_scraper - INFO - Fazendo scraping de http://sejaeducamais.com.br/assets/logos/Ativo 14.png (profundidade: 4)
2025-09-29 16:03:14,822 - utils.website_scraper - INFO - Fazendo scraping de http://sejaeducamais.com.br/assets/icons/Ativo 23.png (profundidade: 4)
2025-09-29 16:03:15,471 - utils.website_scraper - INFO - Fazendo scraping de http://sejaeducamais.com.br/assets/icons/Ativo 27.png (profundidade: 4)
2025-09-29 16:03:17,240 - utils.website_scraper - INFO - Fazendo scraping de http://sejaeducamais.com.br/assets/logos/Ativo 13.png (profundidade: 3)
2025-09-29 16:03:18,021 - utils.website_scraper - INFO - Fazendo scraping de http://sejaeducamais.com.br/assets/educa-mais-logo.webp (profundidade: 2)
2025-09-29 16:03:20,682 - utils.website_scraper - INFO - Scraping concluído: 14 URLs encontradas
2025-09-29 16:03:20,682 - utils.sitemap_generator - INFO - Gerando sitemap com 14 URLs
2025-09-29 16:03:20,682 - utils.sitemap_generator - WARNING - URL inválida ignorada: http://sejaeducamais.com.br/assets/icons/Ativo 23.png
2025-09-29 16:03:20,683 - utils.sitemap_generator - WARNING - URL inválida ignorada: http://sejaeducamais.com.br/assets/icons/Ativo 24.png
2025-09-29 16:03:20,683 - utils.sitemap_generator - WARNING - URL inválida ignorada: http://sejaeducamais.com.br/assets/logos/Ativo 10.png
2025-09-29 16:03:20,683 - utils.sitemap_generator - WARNING - URL inválida ignorada: http://sejaeducamais.com.br/assets/logos/Ativo 14.png
2025-09-29 16:03:20,683 - utils.sitemap_generator - WARNING - URL inválida ignorada: http://sejaeducamais.com.br/assets/icons/Ativo 27.png
2025-09-29 16:03:20,683 - utils.sitemap_generator - WARNING - URL inválida ignorada: http://sejaeducamais.com.br/assets/logos/Ativo 13.png
2025-09-29 16:03:20,684 - utils.sitemap_generator - INFO - Sitemap gerado com sucesso
2025-09-29 16:03:20,684 - __main__ - INFO - Sitemap gerado com sucesso para http://sejaeducamais.com.br/ - 14 URLs encontradas
2025-09-29 16:03:20,684 - werkzeug - INFO - 127.0.0.1 - - [29/Sep/2025 16:03:20] "POST /generate-sitemap HTTP/1.1" 200 -
2025-09-29 16:27:59,325 - werkzeug - INFO -  * Detected change in 'C:\\Users\\luizk\\Documents\\GitHub\\gerador-sitemap\\utils\\website_scraper.py', reloading
2025-09-29 16:27:59,516 - werkzeug - INFO -  * Restarting with stat
2025-09-29 16:28:00,170 - __main__ - INFO - Iniciando servidor Flask...
2025-09-29 16:28:00,199 - werkzeug - WARNING -  * Debugger is active!
2025-09-29 16:28:00,211 - werkzeug - INFO -  * Debugger PIN: 910-150-469
2025-09-29 16:28:01,284 - werkzeug - INFO -  * Detected change in 'C:\\Users\\luizk\\Documents\\GitHub\\gerador-sitemap\\utils\\website_scraper.py', reloading
2025-09-29 16:28:01,389 - werkzeug - INFO -  * Restarting with stat
2025-09-29 16:28:01,834 - __main__ - INFO - Iniciando servidor Flask...
2025-09-29 16:28:01,852 - werkzeug - WARNING -  * Debugger is active!
2025-09-29 16:28:01,856 - werkzeug - INFO -  * Debugger PIN: 910-150-469
